<?xml version="1.0" encoding="UTF-8"?>
<!-- Generated by org.testng.reporters.JUnitXMLReporter -->
<testsuite ignored="0" hostname="DESKTOP-UAC0RHQ" failures="0" tests="6" name="mytest" time="22.89" errors="0" timestamp="2024-01-25T22:15:10 IST">
  <testcase classname="testngr.LoginTest" name="openApp" time="17.659"/>
  <testcase classname="testngr.LoginTest" name="loginApp" time="3.754"/>
  <testcase classname="testngr.LoginTest" name="closeApp" time="1.339"/>
  <testcase classname="testngr.TestMaain" name="test1" time="0.005"/>
  <testcase classname="testngr.TestMaain" name="test2" time="0.004"/>
  <testcase classname="testngr.TestMaain" name="test3" time="0.007"/>
</testsuite> <!-- mytest -->
