<?xml version="1.0" encoding="UTF-8"?>
<!-- Generated by org.testng.reporters.JUnitXMLReporter -->
<testsuite ignored="0" hostname="DESKTOP-UAC0RHQ" failures="0" tests="4" name="TestNg1" time="14.993" errors="0" timestamp="2024-01-29T16:50:34 IST">
  <testcase classname="testngr.ParamTestDemo" name="testLogo" time="0.988"/>
  <testcase classname="testngr.ParamTestDemo" name="homepageTitle" time="0.052"/>
  <testcase classname="testngr.ParamTestDemo" name="homepageTitle" time="0.032"/>
  <testcase classname="testngr.ParamTestDemo" name="homepageTitle" time="0.044"/>
</testsuite> <!-- TestNg1 -->
