<?xml version="1.0" encoding="UTF-8"?>
<!-- Generated by org.testng.reporters.JUnitXMLReporter -->
<testsuite ignored="0" hostname="DESKTOP-UAC0RHQ" failures="1" tests="3" name="TestListener" time="0.185" errors="0" timestamp="2024-01-30T12:12:35 IST">
  <testcase classname="testngr.TestListenerDemo" name="tes1" time="0.026"/>
  <testcase classname="testngr.TestListenerDemo" name="tes2" time="0.025">
    <failure type="java.lang.AssertionError" message="expected [B] but found [A]">
      <![CDATA[java.lang.AssertionError: expected [B] but found [A]
at testngr.TestListenerDemo.tes2(TestListenerDemo.java:14)
at java.base/java.util.ArrayList.forEach(ArrayList.java:1511)
... Removed 31 stack frames]]>
    </failure>
  </testcase> <!-- tes2 -->
  <testcase classname="testngr.TestListenerDemo" name="tes3" time="0.0">
    <skipped/>
  </testcase> <!-- tes3 -->
</testsuite> <!-- TestListener -->
