<?xml version="1.0" encoding="UTF-8"?>
<!-- Generated by org.testng.reporters.JUnitXMLReporter -->
<testsuite ignored="0" hostname="DESKTOP-UAC0RHQ" failures="0" tests="6" name="Test" time="25.008" errors="0" timestamp="2024-01-25T22:09:32 IST">
  <testcase classname="testngr.LoginTest" name="openApp" time="20.124"/>
  <testcase classname="testngr.LoginTest" name="loginApp" time="4.323"/>
  <testcase classname="testngr.LoginTest" name="closeApp" time="0.372"/>
  <testcase classname="testngr.TestMaain" name="test1" time="0.006"/>
  <testcase classname="testngr.TestMaain" name="test2" time="0.004"/>
  <testcase classname="testngr.TestMaain" name="test3" time="0.01"/>
</testsuite> <!-- Test -->
