<?xml version="1.0" encoding="UTF-8"?>
<!-- Generated by org.testng.reporters.JUnitXMLReporter -->
<testsuite ignored="0" hostname="DESKTOP-UAC0RHQ" failures="0" tests="4" name="TestNg" time="16.087" errors="0" timestamp="2024-01-29T16:50:19 IST">
  <testcase classname="testngr.ParamTestDemo" name="testLogo" time="1.142"/>
  <testcase classname="testngr.ParamTestDemo" name="homepageTitle" time="0.036"/>
  <testcase classname="testngr.ParamTestDemo" name="homepageTitle" time="0.025"/>
  <testcase classname="testngr.ParamTestDemo" name="homepageTitle" time="0.017"/>
</testsuite> <!-- TestNg -->
