<?xml version="1.0" encoding="UTF-8"?>
<!-- Generated by org.testng.reporters.JUnitXMLReporter -->
<testsuite ignored="6" hostname="DESKTOP-UAC0RHQ" failures="0" tests="3" name="my tests" time="0.302" errors="0" timestamp="2024-02-09T20:26:31 IST">
  <testcase classname="testngr.GroupingDemo" name="signupbyfacebook" time="0.046"/>
  <testcase classname="testngr.GroupingDemo" name="signupbytwitter" time="0.017"/>
  <testcase classname="testngr.GroupingDemo" name="paymentReturnbyBank" time="0.027"/>
  <testcase classname="testngr.GroupingDemo" name="loginByfacebook" time="0.0">
    <ignored/>
  </testcase> <!-- loginByfacebook -->
  <testcase classname="testngr.GroupingDemo" name="paymentinrupees" time="0.0">
    <ignored/>
  </testcase> <!-- paymentinrupees -->
  <testcase classname="testngr.GroupingDemo" name="paymentindollar" time="0.0">
    <ignored/>
  </testcase> <!-- paymentindollar -->
  <testcase classname="testngr.GroupingDemo" name="loginBytwitter" time="0.0">
    <ignored/>
  </testcase> <!-- loginBytwitter -->
  <testcase classname="testngr.GroupingDemo" name="signupbyemail" time="0.0">
    <ignored/>
  </testcase> <!-- signupbyemail -->
  <testcase classname="testngr.GroupingDemo" name="loginByEmail" time="0.0">
    <ignored/>
  </testcase> <!-- loginByEmail -->
</testsuite> <!-- my tests -->
