<?xml version="1.0" encoding="UTF-8"?>
<testng-results ignored="0" total="3" passed="3" failed="0" skipped="0">
  <reporter-output>
  </reporter-output>
  <suite started-at="2024-02-09T20:26:31 IST" name="my suite" finished-at="2024-02-09T20:26:31 IST" duration-ms="302">
    <groups>
      <group name="regression">
        <method signature="GroupingDemo.signupbyfacebook()[pri:5, instance:testngr.GroupingDemo@692f203f]" name="signupbyfacebook" class="testngr.GroupingDemo"/>
        <method signature="GroupingDemo.signupbytwitter()[pri:6, instance:testngr.GroupingDemo@692f203f]" name="signupbytwitter" class="testngr.GroupingDemo"/>
        <method signature="GroupingDemo.paymentReturnbyBank()[pri:9, instance:testngr.GroupingDemo@692f203f]" name="paymentReturnbyBank" class="testngr.GroupingDemo"/>
      </group> <!-- regression -->
    </groups>
    <test started-at="2024-02-09T20:26:31 IST" name="my tests" finished-at="2024-02-09T20:26:31 IST" duration-ms="302">
      <class name="testngr.GroupingDemo">
        <test-method signature="signupbyfacebook()[pri:5, instance:testngr.GroupingDemo@692f203f]" started-at="2024-02-09T20:26:31 IST" name="signupbyfacebook" finished-at="2024-02-09T20:26:31 IST" duration-ms="46" status="PASS">
          <reporter-output>
          </reporter-output>
        </test-method> <!-- signupbyfacebook -->
        <test-method signature="signupbytwitter()[pri:6, instance:testngr.GroupingDemo@692f203f]" started-at="2024-02-09T20:26:31 IST" name="signupbytwitter" finished-at="2024-02-09T20:26:31 IST" duration-ms="17" status="PASS">
          <reporter-output>
          </reporter-output>
        </test-method> <!-- signupbytwitter -->
        <test-method signature="paymentReturnbyBank()[pri:9, instance:testngr.GroupingDemo@692f203f]" started-at="2024-02-09T20:26:31 IST" name="paymentReturnbyBank" finished-at="2024-02-09T20:26:31 IST" duration-ms="27" status="PASS">
          <reporter-output>
          </reporter-output>
        </test-method> <!-- paymentReturnbyBank -->
      </class> <!-- testngr.GroupingDemo -->
    </test> <!-- my tests -->
  </suite> <!-- my suite -->
</testng-results>
